[debug] [2025-09-18T18:35:27.555Z] ----------------------------------------------------------------------
[debug] [2025-09-18T18:35:27.557Z] Command:       C:\Program Files\nodejs\node.exe C:\Users\joao.bernandes\AppData\Roaming\npm\node_modules\firebase-tools\lib\bin\firebase.js init
[debug] [2025-09-18T18:35:27.558Z] CLI Version:   14.17.0
[debug] [2025-09-18T18:35:27.558Z] Platform:      win32
[debug] [2025-09-18T18:35:27.558Z] Node Version:  v22.19.0
[debug] [2025-09-18T18:35:27.558Z] Time:          Thu Sep 18 2025 14:35:27 GMT-0400 (Horário Padrão do Amazonas)
[debug] [2025-09-18T18:35:27.558Z] ----------------------------------------------------------------------
[debug] 
[debug] [2025-09-18T18:35:27.564Z] > command requires scopes: ["email","openid","https://www.googleapis.com/auth/cloudplatformprojects.readonly","https://www.googleapis.com/auth/firebase","https://www.googleapis.com/auth/cloud-platform"]
[debug] [2025-09-18T18:35:27.565Z] > authorizing via signed-in user (joaopanuccj@gmail.com)
[info] 
     ######## #### ########  ######## ########     ###     ######  ########
     ##        ##  ##     ## ##       ##     ##  ##   ##  ##       ##
     ######    ##  ########  ######   ########  #########  ######  ######
     ##        ##  ##    ##  ##       ##     ## ##     ##       ## ##
     ##       #### ##     ## ######## ########  ##     ##  ######  ########

You're about to initialize a Firebase project in this directory:

  C:\Users\joao.bernandes\Desktop\IdosoMS\public

[info] 
=== Project Setup
[info] 
[info] First, let's associate this project directory with a Firebase project.
[info] You can create multiple project aliases by running firebase use --add, 
[info] but for now we'll just set up a default project.
[info] 
[debug] [2025-09-18T18:36:27.603Z] Using project from CLI flag: idoso-ms
[debug] [2025-09-18T18:36:27.604Z] Checked if tokens are valid: false, expires at: 1758203050757
[debug] [2025-09-18T18:36:27.604Z] Checked if tokens are valid: false, expires at: 1758203050757
[debug] [2025-09-18T18:36:27.604Z] > refreshing access token with scopes: []
[debug] [2025-09-18T18:36:27.606Z] >>> [apiv2][query] POST https://www.googleapis.com/oauth2/v3/token [none]
[debug] [2025-09-18T18:36:27.606Z] >>> [apiv2][body] POST https://www.googleapis.com/oauth2/v3/token [omitted]
[debug] [2025-09-18T18:36:27.890Z] <<< [apiv2][status] POST https://www.googleapis.com/oauth2/v3/token 200
[debug] [2025-09-18T18:36:27.890Z] <<< [apiv2][body] POST https://www.googleapis.com/oauth2/v3/token [omitted]
[debug] [2025-09-18T18:36:27.896Z] >>> [apiv2][query] GET https://firebase.googleapis.com/v1beta1/projects/idoso-ms [none]
[debug] [2025-09-18T18:36:28.538Z] <<< [apiv2][status] GET https://firebase.googleapis.com/v1beta1/projects/idoso-ms 403
[debug] [2025-09-18T18:36:28.538Z] <<< [apiv2][body] GET https://firebase.googleapis.com/v1beta1/projects/idoso-ms {"error":{"code":403,"message":"The caller does not have permission","status":"PERMISSION_DENIED"}}
[debug] [2025-09-18T18:36:28.539Z] Request to https://firebase.googleapis.com/v1beta1/projects/idoso-ms had HTTP Error: 403, The caller does not have permission
[debug] [2025-09-18T18:36:28.751Z] FirebaseError: Request to https://firebase.googleapis.com/v1beta1/projects/idoso-ms had HTTP Error: 403, The caller does not have permission
    at responseToError (C:\Users\joao.bernandes\AppData\Roaming\npm\node_modules\firebase-tools\lib\responseToError.js:52:12)
    at RetryOperation._fn (C:\Users\joao.bernandes\AppData\Roaming\npm\node_modules\firebase-tools\lib\apiv2.js:312:77)
    at process.processTicksAndRejections (node:internal/process/task_queues:105:5)
[error] 
[error] Error: Failed to get Firebase project idoso-ms. Please make sure the project exists and your account has permission to access it.
[debug] [2025-09-18T18:36:39.489Z] ----------------------------------------------------------------------
[debug] [2025-09-18T18:36:39.492Z] Command:       C:\Program Files\nodejs\node.exe C:\Users\joao.bernandes\AppData\Roaming\npm\node_modules\firebase-tools\lib\bin\firebase.js init
[debug] [2025-09-18T18:36:39.492Z] CLI Version:   14.17.0
[debug] [2025-09-18T18:36:39.492Z] Platform:      win32
[debug] [2025-09-18T18:36:39.493Z] Node Version:  v22.19.0
[debug] [2025-09-18T18:36:39.493Z] Time:          Thu Sep 18 2025 14:36:39 GMT-0400 (Horário Padrão do Amazonas)
[debug] [2025-09-18T18:36:39.493Z] ----------------------------------------------------------------------
[debug] 
[debug] [2025-09-18T18:36:39.499Z] > command requires scopes: ["email","openid","https://www.googleapis.com/auth/cloudplatformprojects.readonly","https://www.googleapis.com/auth/firebase","https://www.googleapis.com/auth/cloud-platform"]
[debug] [2025-09-18T18:36:39.499Z] > authorizing via signed-in user (joaopanuccj@gmail.com)
[info] 
     ######## #### ########  ######## ########     ###     ######  ########
     ##        ##  ##     ## ##       ##     ##  ##   ##  ##       ##
     ######    ##  ########  ######   ########  #########  ######  ######
     ##        ##  ##    ##  ##       ##     ## ##     ##       ## ##
     ##       #### ##     ## ######## ########  ##     ##  ######  ########

You're about to initialize a Firebase project in this directory:

  C:\Users\joao.bernandes\Desktop\IdosoMS\public

[info] 
=== Project Setup
[info] 
[info] First, let's associate this project directory with a Firebase project.
[info] You can create multiple project aliases by running firebase use --add, 
[info] but for now we'll just set up a default project.
[info] 
[debug] [2025-09-18T18:36:47.681Z] Using project from CLI flag: idoso-ms
[debug] [2025-09-18T18:36:47.682Z] Checked if tokens are valid: true, expires at: 1758224186890
[debug] [2025-09-18T18:36:47.682Z] Checked if tokens are valid: true, expires at: 1758224186890
[debug] [2025-09-18T18:36:47.683Z] >>> [apiv2][query] GET https://firebase.googleapis.com/v1beta1/projects/idoso-ms [none]
[debug] [2025-09-18T18:36:48.309Z] <<< [apiv2][status] GET https://firebase.googleapis.com/v1beta1/projects/idoso-ms 403
[debug] [2025-09-18T18:36:48.309Z] <<< [apiv2][body] GET https://firebase.googleapis.com/v1beta1/projects/idoso-ms {"error":{"code":403,"message":"The caller does not have permission","status":"PERMISSION_DENIED"}}
[debug] [2025-09-18T18:36:48.310Z] Request to https://firebase.googleapis.com/v1beta1/projects/idoso-ms had HTTP Error: 403, The caller does not have permission
[debug] [2025-09-18T18:36:48.528Z] FirebaseError: Request to https://firebase.googleapis.com/v1beta1/projects/idoso-ms had HTTP Error: 403, The caller does not have permission
    at responseToError (C:\Users\joao.bernandes\AppData\Roaming\npm\node_modules\firebase-tools\lib\responseToError.js:52:12)
    at RetryOperation._fn (C:\Users\joao.bernandes\AppData\Roaming\npm\node_modules\firebase-tools\lib\apiv2.js:312:77)
    at process.processTicksAndRejections (node:internal/process/task_queues:105:5)
[error] 
[error] Error: Failed to get Firebase project idoso-ms. Please make sure the project exists and your account has permission to access it.
[debug] [2025-09-18T18:36:52.926Z] ----------------------------------------------------------------------
[debug] [2025-09-18T18:36:52.929Z] Command:       C:\Program Files\nodejs\node.exe C:\Users\joao.bernandes\AppData\Roaming\npm\node_modules\firebase-tools\lib\bin\firebase.js init
[debug] [2025-09-18T18:36:52.929Z] CLI Version:   14.17.0
[debug] [2025-09-18T18:36:52.929Z] Platform:      win32
[debug] [2025-09-18T18:36:52.929Z] Node Version:  v22.19.0
[debug] [2025-09-18T18:36:52.930Z] Time:          Thu Sep 18 2025 14:36:52 GMT-0400 (Horário Padrão do Amazonas)
[debug] [2025-09-18T18:36:52.930Z] ----------------------------------------------------------------------
[debug] 
[debug] [2025-09-18T18:36:52.936Z] > command requires scopes: ["email","openid","https://www.googleapis.com/auth/cloudplatformprojects.readonly","https://www.googleapis.com/auth/firebase","https://www.googleapis.com/auth/cloud-platform"]
[debug] [2025-09-18T18:36:52.936Z] > authorizing via signed-in user (joaopanuccj@gmail.com)
[info] 
     ######## #### ########  ######## ########     ###     ######  ########
     ##        ##  ##     ## ##       ##     ##  ##   ##  ##       ##
     ######    ##  ########  ######   ########  #########  ######  ######
     ##        ##  ##    ##  ##       ##     ## ##     ##       ## ##
     ##       #### ##     ## ######## ########  ##     ##  ######  ########

You're about to initialize a Firebase project in this directory:

  C:\Users\joao.bernandes\Desktop\IdosoMS\public

[info] 
=== Project Setup
[info] 
[info] First, let's associate this project directory with a Firebase project.
[info] You can create multiple project aliases by running firebase use --add, 
[info] but for now we'll just set up a default project.
[info] 
[debug] [2025-09-18T18:37:19.113Z] Using project from CLI flag: idoso-ms
[debug] [2025-09-18T18:37:19.115Z] Checked if tokens are valid: true, expires at: 1758224186890
[debug] [2025-09-18T18:37:19.115Z] Checked if tokens are valid: true, expires at: 1758224186890
[debug] [2025-09-18T18:37:19.116Z] >>> [apiv2][query] GET https://firebase.googleapis.com/v1beta1/projects/idoso-ms [none]
[debug] [2025-09-18T18:37:19.641Z] <<< [apiv2][status] GET https://firebase.googleapis.com/v1beta1/projects/idoso-ms 403
[debug] [2025-09-18T18:37:19.642Z] <<< [apiv2][body] GET https://firebase.googleapis.com/v1beta1/projects/idoso-ms {"error":{"code":403,"message":"The caller does not have permission","status":"PERMISSION_DENIED"}}
[debug] [2025-09-18T18:37:19.642Z] Request to https://firebase.googleapis.com/v1beta1/projects/idoso-ms had HTTP Error: 403, The caller does not have permission
[debug] [2025-09-18T18:37:19.849Z] FirebaseError: Request to https://firebase.googleapis.com/v1beta1/projects/idoso-ms had HTTP Error: 403, The caller does not have permission
    at responseToError (C:\Users\joao.bernandes\AppData\Roaming\npm\node_modules\firebase-tools\lib\responseToError.js:52:12)
    at RetryOperation._fn (C:\Users\joao.bernandes\AppData\Roaming\npm\node_modules\firebase-tools\lib\apiv2.js:312:77)
    at process.processTicksAndRejections (node:internal/process/task_queues:105:5)
[error] 
[error] Error: Failed to get Firebase project idoso-ms. Please make sure the project exists and your account has permission to access it.
[debug] [2025-09-18T18:37:26.379Z] ----------------------------------------------------------------------
[debug] [2025-09-18T18:37:26.382Z] Command:       C:\Program Files\nodejs\node.exe C:\Users\joao.bernandes\AppData\Roaming\npm\node_modules\firebase-tools\lib\bin\firebase.js init
[debug] [2025-09-18T18:37:26.382Z] CLI Version:   14.17.0
[debug] [2025-09-18T18:37:26.382Z] Platform:      win32
[debug] [2025-09-18T18:37:26.382Z] Node Version:  v22.19.0
[debug] [2025-09-18T18:37:26.382Z] Time:          Thu Sep 18 2025 14:37:26 GMT-0400 (Horário Padrão do Amazonas)
[debug] [2025-09-18T18:37:26.383Z] ----------------------------------------------------------------------
[debug] 
[debug] [2025-09-18T18:37:26.389Z] > command requires scopes: ["email","openid","https://www.googleapis.com/auth/cloudplatformprojects.readonly","https://www.googleapis.com/auth/firebase","https://www.googleapis.com/auth/cloud-platform"]
[debug] [2025-09-18T18:37:26.389Z] > authorizing via signed-in user (joaopanuccj@gmail.com)
[info] 
     ######## #### ########  ######## ########     ###     ######  ########
     ##        ##  ##     ## ##       ##     ##  ##   ##  ##       ##
     ######    ##  ########  ######   ########  #########  ######  ######
     ##        ##  ##    ##  ##       ##     ## ##     ##       ## ##
     ##       #### ##     ## ######## ########  ##     ##  ######  ########

You're about to initialize a Firebase project in this directory:

  C:\Users\joao.bernandes\Desktop\IdosoMS\public

